<?xml version="1.0" encoding="UTF-8"?>
<!-- Generated by org.testng.reporters.JUnitReportReporter -->
<testsuite skipped="0" hostname="DESKTOP-9E2PMEU" name="verifyPuarchaseTest.PurchaseTest" tests="1" failures="0" timestamp="2022-05-04T10:23:51 IST" time="9.712" errors="0">
  <testcase name="purchasetest" time="9.712" classname="verifyPuarchaseTest.PurchaseTest"/>
  <system-out/>
</testsuite> <!-- verifyPuarchaseTest.PurchaseTest -->
