<?xml version="1.0" encoding="UTF-8"?>
<!-- Generated by org.testng.reporters.JUnitReportReporter -->
<testsuite skipped="0" hostname="DESKTOP-9E2PMEU" name="verifyAccountsTest.verifyAccountsTest" tests="1" failures="0" timestamp="2022-05-01T16:52:02 IST" time="11.871" errors="0">
  <testcase name="verifyaccountstest" time="11.871" classname="verifyAccountsTest.verifyAccountsTest"/>
  <system-out>
    <![CDATA[accountspage is Displayed]]>
  </system-out>
</testsuite> <!-- verifyAccountsTest.verifyAccountsTest -->
