<?xml version="1.0" encoding="UTF-8"?>
<!-- Generated by org.testng.reporters.JUnitReportReporter -->
<testsuite skipped="0" hostname="DESKTOP-9E2PMEU" name="verifyCampaignsTest.verifyCreateNewCampaignsTest" tests="1" failures="0" timestamp="2022-05-03T11:13:07 IST" time="33.610" errors="0">
  <testcase name="verifyCreateCampaign" time="33.610" classname="verifyCampaignsTest.verifyCreateNewCampaignsTest"/>
  <system-out>
    <![CDATA[verifyCreateCampaign method started
campaignspage is Displayed
verifyCreateCampaign method passed]]>
  </system-out>
</testsuite> <!-- verifyCampaignsTest.verifyCreateNewCampaignsTest -->
