<?xml version="1.0" encoding="UTF-8"?>
<!-- Generated by org.testng.reporters.JUnitReportReporter -->
<testsuite skipped="0" hostname="DESKTOP-9E2PMEU" name="verifyContactsTest.verifyContacts" tests="1" failures="0" timestamp="2022-04-26T16:24:56 IST" time="7.357" errors="0">
  <testcase name="vverifycontactsleast" time="7.357" classname="verifyContactsTest.verifyContacts"/>
  <system-out>
    <![CDATA[leadspage is Displayed]]>
  </system-out>
</testsuite> <!-- verifyContactsTest.verifyContacts -->
