<?xml version="1.0" encoding="UTF-8"?>
<!-- Generated by org.testng.reporters.JUnitReportReporter -->
<testsuite skipped="0" hostname="DESKTOP-9E2PMEU" name="verifyContactsTest.verifyContacts" tests="1" failures="0" timestamp="2022-05-05T11:09:04 IST" time="7.919" errors="0">
  <testcase name="vverifycontactsleast" time="7.919" classname="verifyContactsTest.verifyContacts"/>
  <system-out>
    <![CDATA[contactspage is Displayed]]>
  </system-out>
</testsuite> <!-- verifyContactsTest.verifyContacts -->
