<?xml version="1.0" encoding="UTF-8"?>
<!-- Generated by org.testng.reporters.JUnitReportReporter -->
<testsuite skipped="0" hostname="DESKTOP-9E2PMEU" name="VerifyLeadsTest.verifyNewLeadTest" tests="1" failures="0" timestamp="2022-04-28T11:38:31 IST" time="27.540" errors="0">
  <testcase name="vverifyNewLeadTest" time="27.540" classname="VerifyLeadsTest.verifyNewLeadTest"/>
  <system-out>
    <![CDATA[vverifyNewLeadTest method started
leadspage is Displayed
vverifyNewLeadTest method passed]]>
  </system-out>
</testsuite> <!-- VerifyLeadsTest.verifyNewLeadTest -->
