<?xml version="1.0" encoding="UTF-8"?>
<!-- Generated by org.testng.reporters.JUnitReportReporter -->
<testsuite skipped="0" hostname="DESKTOP-9E2PMEU" name="verifyContactsTest.verifyParentContact" tests="1" failures="0" timestamp="2022-04-30T12:42:00 IST" time="15.346" errors="0">
  <testcase name="verifyParentContactsTest" time="15.346" classname="verifyContactsTest.verifyParentContact"/>
  <system-out>
    <![CDATA[contactspage is Displayed]]>
  </system-out>
</testsuite> <!-- verifyContactsTest.verifyParentContact -->
