<?xml version="1.0" encoding="UTF-8"?>
<!-- Generated by org.testng.reporters.JUnitReportReporter -->
<testsuite skipped="0" hostname="DESKTOP-9E2PMEU" name="VerifyPotentialsTest.verifyPotentialsTest" tests="1" failures="0" timestamp="2022-04-27T11:39:26 IST" time="10.291" errors="0">
  <testcase name="verifypotentialtest" time="10.291" classname="VerifyPotentialsTest.verifyPotentialsTest"/>
  <system-out/>
</testsuite> <!-- VerifyPotentialsTest.verifyPotentialsTest -->
