<?xml version="1.0" encoding="UTF-8"?>
<!-- Generated by org.testng.reporters.JUnitReportReporter -->
<testsuite skipped="0" hostname="DESKTOP-9E2PMEU" name="verifyCampaignsTest.verifyCampaigns" tests="1" failures="0" timestamp="2022-04-30T00:27:41 IST" time="10.296" errors="0">
  <testcase name="verifycampaignspage" time="10.296" classname="verifyCampaignsTest.verifyCampaigns"/>
  <system-out>
    <![CDATA[campaignspage is Displayed]]>
  </system-out>
</testsuite> <!-- verifyCampaignsTest.verifyCampaigns -->
