<?xml version="1.0" encoding="UTF-8"?>
<!-- Generated by org.testng.reporters.JUnitReportReporter -->
<testsuite skipped="0" hostname="DESKTOP-9E2PMEU" name="verifyAccountsTest.verifyNewAccountTest" tests="1" failures="0" timestamp="2022-04-28T11:40:24 IST" time="17.952" errors="0">
  <testcase name="vverifyNewAccountTest" time="17.952" classname="verifyAccountsTest.verifyNewAccountTest"/>
  <system-out>
    <![CDATA[vverifyNewAccountTest method started
accountspage is Displayed
vverifyNewAccountTest method passed]]>
  </system-out>
</testsuite> <!-- verifyAccountsTest.verifyNewAccountTest -->
