<?xml version="1.0" encoding="UTF-8"?>
<!-- Generated by org.testng.reporters.JUnitReportReporter -->
<testsuite skipped="0" hostname="DESKTOP-9E2PMEU" name="VerifyPotentialsTest.verifyCreateNewPotentialTest" tests="1" failures="0" timestamp="2022-04-28T11:35:52 IST" time="20.393" errors="0">
  <testcase name="verifyCreateNewPotentialsTab" time="20.393" classname="VerifyPotentialsTest.verifyCreateNewPotentialTest"/>
  <system-out>
    <![CDATA[verifyCreateNewPotentialsTab method started
potentialpage is Displayed
verifyCreateNewPotentialsTab method passed]]>
  </system-out>
</testsuite> <!-- VerifyPotentialsTest.verifyCreateNewPotentialTest -->
