<?xml version="1.0" encoding="UTF-8"?>
<!-- Generated by org.testng.reporters.JUnitReportReporter -->
<testsuite skipped="0" hostname="DESKTOP-9E2PMEU" name="verifyContactsTest.verifyCreateNewContact" tests="1" failures="0" timestamp="2022-04-30T13:41:46 IST" time="31.470" errors="0">
  <testcase name="vverifyCreateNewContactTab" time="31.470" classname="verifyContactsTest.verifyCreateNewContact"/>
  <system-out>
    <![CDATA[vverifyCreateNewContactTab method started
contactspage is Displayed
vverifyCreateNewContactTab method passed]]>
  </system-out>
</testsuite> <!-- verifyContactsTest.verifyCreateNewContact -->
